2026-02-03 00:03:03 [scheduling-1] INFO  c.s.booking.service.BookingService - Cleaned up 0 expired carts and 0 expired payments
2026-02-03 00:08:03 [scheduling-1] INFO  c.s.booking.service.BookingService - Cleaned up 0 expired carts and 0 expired payments
2026-02-03 00:13:03 [scheduling-1] INFO  c.s.booking.service.BookingService - Cleaned up 0 expired carts and 0 expired payments
2026-02-03 00:18:03 [scheduling-1] INFO  c.s.booking.service.BookingService - Cleaned up 0 expired carts and 0 expired payments
2026-02-03 00:23:03 [scheduling-1] INFO  c.s.booking.service.BookingService - Cleaned up 0 expired carts and 0 expired payments
2026-02-03 00:28:03 [scheduling-1] INFO  c.s.booking.service.BookingService - Cleaned up 0 expired carts and 0 expired payments
2026-02-03 00:33:03 [scheduling-1] INFO  c.s.booking.service.BookingService - Cleaned up 0 expired carts and 0 expired payments
2026-02-03 00:38:03 [scheduling-1] INFO  c.s.booking.service.BookingService - Cleaned up 0 expired carts and 0 expired payments
2026-02-03 00:43:03 [scheduling-1] INFO  c.s.booking.service.BookingService - Cleaned up 0 expired carts and 0 expired payments
2026-02-03 00:48:03 [scheduling-1] INFO  c.s.booking.service.BookingService - Cleaned up 0 expired carts and 0 expired payments
2026-02-03 00:53:03 [scheduling-1] INFO  c.s.booking.service.BookingService - Cleaned up 0 expired carts and 0 expired payments
2026-02-03 00:58:03 [scheduling-1] INFO  c.s.booking.service.BookingService - Cleaned up 0 expired carts and 0 expired payments
2026-02-03 01:03:03 [scheduling-1] INFO  c.s.booking.service.BookingService - Cleaned up 0 expired carts and 0 expired payments
2026-02-03 01:08:03 [scheduling-1] INFO  c.s.booking.service.BookingService - Cleaned up 0 expired carts and 0 expired payments
2026-02-03 01:13:03 [scheduling-1] INFO  c.s.booking.service.BookingService - Cleaned up 0 expired carts and 0 expired payments
2026-02-03 01:18:03 [scheduling-1] INFO  c.s.booking.service.BookingService - Cleaned up 0 expired carts and 0 expired payments
2026-02-03 01:23:03 [scheduling-1] INFO  c.s.booking.service.BookingService - Cleaned up 0 expired carts and 0 expired payments
2026-02-03 01:28:03 [scheduling-1] INFO  c.s.booking.service.BookingService - Cleaned up 0 expired carts and 0 expired payments
2026-02-03 01:33:03 [scheduling-1] INFO  c.s.booking.service.BookingService - Cleaned up 0 expired carts and 0 expired payments
2026-02-03 01:38:03 [scheduling-1] INFO  c.s.booking.service.BookingService - Cleaned up 0 expired carts and 0 expired payments
2026-02-03 01:43:03 [scheduling-1] INFO  c.s.booking.service.BookingService - Cleaned up 0 expired carts and 0 expired payments
2026-02-03 01:48:03 [scheduling-1] INFO  c.s.booking.service.BookingService - Cleaned up 0 expired carts and 0 expired payments
2026-02-03 01:53:03 [scheduling-1] INFO  c.s.booking.service.BookingService - Cleaned up 0 expired carts and 0 expired payments
2026-02-03 01:58:03 [scheduling-1] INFO  c.s.booking.service.BookingService - Cleaned up 0 expired carts and 0 expired payments
2026-02-03 02:03:03 [scheduling-1] INFO  c.s.booking.service.BookingService - Cleaned up 0 expired carts and 0 expired payments
2026-02-03 02:08:03 [scheduling-1] INFO  c.s.booking.service.BookingService - Cleaned up 0 expired carts and 0 expired payments
2026-02-03 02:13:03 [scheduling-1] INFO  c.s.booking.service.BookingService - Cleaned up 0 expired carts and 0 expired payments
2026-02-03 02:18:03 [scheduling-1] INFO  c.s.booking.service.BookingService - Cleaned up 0 expired carts and 0 expired payments
2026-02-03 02:23:03 [scheduling-1] INFO  c.s.booking.service.BookingService - Cleaned up 0 expired carts and 0 expired payments
2026-02-03 02:28:03 [scheduling-1] INFO  c.s.booking.service.BookingService - Cleaned up 0 expired carts and 0 expired payments
2026-02-03 02:33:03 [scheduling-1] INFO  c.s.booking.service.BookingService - Cleaned up 0 expired carts and 0 expired payments
2026-02-03 02:38:03 [scheduling-1] INFO  c.s.booking.service.BookingService - Cleaned up 0 expired carts and 0 expired payments
2026-02-03 02:43:03 [scheduling-1] INFO  c.s.booking.service.BookingService - Cleaned up 0 expired carts and 0 expired payments
2026-02-03 02:48:03 [scheduling-1] INFO  c.s.booking.service.BookingService - Cleaned up 0 expired carts and 0 expired payments
2026-02-03 02:53:03 [scheduling-1] INFO  c.s.booking.service.BookingService - Cleaned up 0 expired carts and 0 expired payments
2026-02-03 02:58:03 [scheduling-1] INFO  c.s.booking.service.BookingService - Cleaned up 0 expired carts and 0 expired payments
2026-02-03 03:03:03 [scheduling-1] INFO  c.s.booking.service.BookingService - Cleaned up 0 expired carts and 0 expired payments
2026-02-03 03:08:03 [scheduling-1] INFO  c.s.booking.service.BookingService - Cleaned up 0 expired carts and 0 expired payments
2026-02-03 03:13:03 [scheduling-1] INFO  c.s.booking.service.BookingService - Cleaned up 0 expired carts and 0 expired payments
2026-02-03 03:18:03 [scheduling-1] INFO  c.s.booking.service.BookingService - Cleaned up 0 expired carts and 0 expired payments
2026-02-03 03:23:03 [scheduling-1] INFO  c.s.booking.service.BookingService - Cleaned up 0 expired carts and 0 expired payments
2026-02-03 03:28:03 [scheduling-1] INFO  c.s.booking.service.BookingService - Cleaned up 0 expired carts and 0 expired payments
2026-02-03 03:33:03 [scheduling-1] INFO  c.s.booking.service.BookingService - Cleaned up 0 expired carts and 0 expired payments
2026-02-03 03:38:03 [scheduling-1] INFO  c.s.booking.service.BookingService - Cleaned up 0 expired carts and 0 expired payments
2026-02-03 03:43:03 [scheduling-1] INFO  c.s.booking.service.BookingService - Cleaned up 0 expired carts and 0 expired payments
2026-02-03 03:48:03 [scheduling-1] INFO  c.s.booking.service.BookingService - Cleaned up 0 expired carts and 0 expired payments
2026-02-03 03:53:03 [scheduling-1] INFO  c.s.booking.service.BookingService - Cleaned up 0 expired carts and 0 expired payments
2026-02-03 03:58:03 [scheduling-1] INFO  c.s.booking.service.BookingService - Cleaned up 0 expired carts and 0 expired payments
2026-02-03 04:03:03 [scheduling-1] INFO  c.s.booking.service.BookingService - Cleaned up 0 expired carts and 0 expired payments
2026-02-03 04:08:03 [scheduling-1] INFO  c.s.booking.service.BookingService - Cleaned up 0 expired carts and 0 expired payments
2026-02-03 04:13:03 [scheduling-1] INFO  c.s.booking.service.BookingService - Cleaned up 0 expired carts and 0 expired payments
2026-02-03 04:18:03 [scheduling-1] INFO  c.s.booking.service.BookingService - Cleaned up 0 expired carts and 0 expired payments
2026-02-03 04:23:03 [scheduling-1] INFO  c.s.booking.service.BookingService - Cleaned up 0 expired carts and 0 expired payments
2026-02-03 04:28:03 [scheduling-1] INFO  c.s.booking.service.BookingService - Cleaned up 0 expired carts and 0 expired payments
2026-02-03 04:33:03 [scheduling-1] INFO  c.s.booking.service.BookingService - Cleaned up 0 expired carts and 0 expired payments
2026-02-03 04:38:03 [scheduling-1] INFO  c.s.booking.service.BookingService - Cleaned up 0 expired carts and 0 expired payments
2026-02-03 04:43:03 [scheduling-1] INFO  c.s.booking.service.BookingService - Cleaned up 0 expired carts and 0 expired payments
2026-02-03 04:48:03 [scheduling-1] INFO  c.s.booking.service.BookingService - Cleaned up 0 expired carts and 0 expired payments
2026-02-03 04:53:03 [scheduling-1] INFO  c.s.booking.service.BookingService - Cleaned up 0 expired carts and 0 expired payments
2026-02-03 04:58:03 [scheduling-1] INFO  c.s.booking.service.BookingService - Cleaned up 0 expired carts and 0 expired payments
2026-02-03 05:03:03 [scheduling-1] INFO  c.s.booking.service.BookingService - Cleaned up 0 expired carts and 0 expired payments
2026-02-03 05:08:03 [scheduling-1] INFO  c.s.booking.service.BookingService - Cleaned up 0 expired carts and 0 expired payments
2026-02-03 05:13:03 [scheduling-1] INFO  c.s.booking.service.BookingService - Cleaned up 0 expired carts and 0 expired payments
2026-02-03 05:18:03 [scheduling-1] INFO  c.s.booking.service.BookingService - Cleaned up 0 expired carts and 0 expired payments
2026-02-03 05:23:03 [scheduling-1] INFO  c.s.booking.service.BookingService - Cleaned up 0 expired carts and 0 expired payments
2026-02-03 05:28:03 [scheduling-1] INFO  c.s.booking.service.BookingService - Cleaned up 0 expired carts and 0 expired payments
2026-02-03 05:33:03 [scheduling-1] INFO  c.s.booking.service.BookingService - Cleaned up 0 expired carts and 0 expired payments
2026-02-03 05:38:03 [scheduling-1] INFO  c.s.booking.service.BookingService - Cleaned up 0 expired carts and 0 expired payments
2026-02-03 05:43:03 [scheduling-1] INFO  c.s.booking.service.BookingService - Cleaned up 0 expired carts and 0 expired payments
2026-02-03 05:48:03 [scheduling-1] INFO  c.s.booking.service.BookingService - Cleaned up 0 expired carts and 0 expired payments
2026-02-03 05:53:03 [scheduling-1] INFO  c.s.booking.service.BookingService - Cleaned up 0 expired carts and 0 expired payments
2026-02-03 05:58:03 [scheduling-1] INFO  c.s.booking.service.BookingService - Cleaned up 0 expired carts and 0 expired payments
2026-02-03 06:03:03 [scheduling-1] INFO  c.s.booking.service.BookingService - Cleaned up 0 expired carts and 0 expired payments
2026-02-03 06:08:03 [scheduling-1] INFO  c.s.booking.service.BookingService - Cleaned up 0 expired carts and 0 expired payments
2026-02-03 06:13:03 [scheduling-1] INFO  c.s.booking.service.BookingService - Cleaned up 0 expired carts and 0 expired payments
2026-02-03 06:18:03 [scheduling-1] INFO  c.s.booking.service.BookingService - Cleaned up 0 expired carts and 0 expired payments
2026-02-03 06:23:03 [scheduling-1] INFO  c.s.booking.service.BookingService - Cleaned up 0 expired carts and 0 expired payments
2026-02-03 06:28:03 [scheduling-1] INFO  c.s.booking.service.BookingService - Cleaned up 0 expired carts and 0 expired payments
2026-02-03 06:33:03 [scheduling-1] INFO  c.s.booking.service.BookingService - Cleaned up 0 expired carts and 0 expired payments
2026-02-03 06:38:03 [scheduling-1] INFO  c.s.booking.service.BookingService - Cleaned up 0 expired carts and 0 expired payments
2026-02-03 06:43:03 [scheduling-1] INFO  c.s.booking.service.BookingService - Cleaned up 0 expired carts and 0 expired payments
2026-02-03 06:48:03 [scheduling-1] INFO  c.s.booking.service.BookingService - Cleaned up 0 expired carts and 0 expired payments
2026-02-03 06:53:03 [scheduling-1] INFO  c.s.booking.service.BookingService - Cleaned up 0 expired carts and 0 expired payments
2026-02-03 06:58:03 [scheduling-1] INFO  c.s.booking.service.BookingService - Cleaned up 0 expired carts and 0 expired payments
2026-02-03 07:03:03 [scheduling-1] INFO  c.s.booking.service.BookingService - Cleaned up 0 expired carts and 0 expired payments
2026-02-03 07:08:03 [scheduling-1] INFO  c.s.booking.service.BookingService - Cleaned up 0 expired carts and 0 expired payments
2026-02-03 07:13:03 [scheduling-1] INFO  c.s.booking.service.BookingService - Cleaned up 0 expired carts and 0 expired payments
2026-02-03 07:18:03 [scheduling-1] INFO  c.s.booking.service.BookingService - Cleaned up 0 expired carts and 0 expired payments
2026-02-03 07:23:03 [scheduling-1] INFO  c.s.booking.service.BookingService - Cleaned up 0 expired carts and 0 expired payments
2026-02-03 07:28:03 [scheduling-1] INFO  c.s.booking.service.BookingService - Cleaned up 0 expired carts and 0 expired payments
2026-02-03 07:33:03 [scheduling-1] INFO  c.s.booking.service.BookingService - Cleaned up 0 expired carts and 0 expired payments
2026-02-03 07:38:03 [scheduling-1] INFO  c.s.booking.service.BookingService - Cleaned up 0 expired carts and 0 expired payments
2026-02-03 07:43:03 [scheduling-1] INFO  c.s.booking.service.BookingService - Cleaned up 0 expired carts and 0 expired payments
2026-02-03 07:48:03 [scheduling-1] INFO  c.s.booking.service.BookingService - Cleaned up 0 expired carts and 0 expired payments
2026-02-03 07:53:03 [scheduling-1] INFO  c.s.booking.service.BookingService - Cleaned up 0 expired carts and 0 expired payments
2026-02-03 07:58:03 [scheduling-1] INFO  c.s.booking.service.BookingService - Cleaned up 0 expired carts and 0 expired payments
2026-02-03 08:03:03 [scheduling-1] INFO  c.s.booking.service.BookingService - Cleaned up 0 expired carts and 0 expired payments
2026-02-03 08:08:03 [scheduling-1] INFO  c.s.booking.service.BookingService - Cleaned up 0 expired carts and 0 expired payments
2026-02-03 08:13:03 [scheduling-1] INFO  c.s.booking.service.BookingService - Cleaned up 0 expired carts and 0 expired payments
2026-02-03 08:18:03 [scheduling-1] INFO  c.s.booking.service.BookingService - Cleaned up 0 expired carts and 0 expired payments
2026-02-03 08:23:03 [scheduling-1] INFO  c.s.booking.service.BookingService - Cleaned up 0 expired carts and 0 expired payments
2026-02-03 08:28:03 [scheduling-1] INFO  c.s.booking.service.BookingService - Cleaned up 0 expired carts and 0 expired payments
2026-02-03 08:33:03 [scheduling-1] INFO  c.s.booking.service.BookingService - Cleaned up 0 expired carts and 0 expired payments
2026-02-03 08:38:03 [scheduling-1] INFO  c.s.booking.service.BookingService - Cleaned up 0 expired carts and 0 expired payments
2026-02-03 08:43:03 [scheduling-1] INFO  c.s.booking.service.BookingService - Cleaned up 0 expired carts and 0 expired payments
2026-02-03 08:45:35 [SpringApplicationShutdownHook] INFO  o.s.boot.tomcat.GracefulShutdown - Commencing graceful shutdown. Waiting for active requests to complete
2026-02-03 08:45:35 [tomcat-shutdown] INFO  o.s.boot.tomcat.GracefulShutdown - Graceful shutdown complete
2026-02-03 08:45:35 [SpringApplicationShutdownHook] INFO  o.s.o.j.LocalContainerEntityManagerFactoryBean - Closing JPA EntityManagerFactory for persistence unit 'default'
2026-02-03 08:45:35 [SpringApplicationShutdownHook] INFO  com.zaxxer.hikari.HikariDataSource - HikariPool-1 - Shutdown initiated...
2026-02-03 08:45:35 [SpringApplicationShutdownHook] INFO  com.zaxxer.hikari.HikariDataSource - HikariPool-1 - Shutdown completed.
